f:\selflearn\mysql\c++访问mysql\yymysql\yymysql\x64\debug\vc143.pdb
f:\selflearn\mysql\c++访问mysql\yymysql\yymysql\x64\debug\vc143.idb
f:\selflearn\mysql\c++访问mysql\yymysql\yymysql\x64\debug\yymysql.obj
f:\selflearn\mysql\c++访问mysql\yymysql\yymysql\x64\debug\yydata.obj
f:\selflearn\mysql\c++访问mysql\yymysql\yymysql\x64\debug\transcode.obj
f:\selflearn\mysql\c++访问mysql\lib\yymysql.lib
f:\selflearn\mysql\c++访问mysql\lib\yymysql.exp
f:\selflearn\mysql\c++访问mysql\bin\yymysql.dll
f:\selflearn\mysql\c++访问mysql\yymysql\yymysql\x64\debug\yymysql.ilk
f:\selflearn\mysql\c++访问mysql\bin\yymysql.pdb
e:\selflearn\mysql\c++访问mysql\lib\yymysql.lib
e:\selflearn\mysql\c++访问mysql\lib\yymysql.exp
f:\selflearn\mysql\c++访问mysql\yymysql\yymysql\x64\debug\yydata.obj.enc
f:\selflearn\mysql\c++访问mysql\yymysql\yymysql\x64\debug\yymysql.obj.enc
f:\selflearn\mysql\c++访问mysql\yymysql\yymysql\x64\debug\vc142.idb
f:\selflearn\mysql\c++访问mysql\yymysql\yymysql\x64\debug\vc142.pdb
f:\selflearn\mysql\c++访问mysql\yymysql\yymysql\x64\debug\yymysql.tlog\cl.command.1.tlog
f:\selflearn\mysql\c++访问mysql\yymysql\yymysql\x64\debug\yymysql.tlog\cl.items.tlog
f:\selflearn\mysql\c++访问mysql\yymysql\yymysql\x64\debug\yymysql.tlog\cl.read.1.tlog
f:\selflearn\mysql\c++访问mysql\yymysql\yymysql\x64\debug\yymysql.tlog\cl.write.1.tlog
f:\selflearn\mysql\c++访问mysql\yymysql\yymysql\x64\debug\yymysql.tlog\link.command.1.tlog
f:\selflearn\mysql\c++访问mysql\yymysql\yymysql\x64\debug\yymysql.tlog\link.read.1.tlog
f:\selflearn\mysql\c++访问mysql\yymysql\yymysql\x64\debug\yymysql.tlog\link.write.1.tlog
f:\selflearn\mysql\c++访问mysql\yymysql\yymysql\x64\debug\yymysql.tlog\link.write.2u.tlog
f:\selflearn\mysql\c++访问mysql\yymysql\yymysql\x64\debug\yymysql.tlog\yymysql.write.1u.tlog
